\BOOKMARK [0][-]{section*.4}{List of Figures}{}% 1
\BOOKMARK [0][-]{section*.5}{List of Tables}{}% 2
\BOOKMARK [0][-]{section*.6}{listofalgorithms}{}% 3
\BOOKMARK [0][-]{section*.8}{List of Acronyms}{}% 4
\BOOKMARK [0][-]{chapter.1}{Introduction COMPILATION DATE: 2023-07-22 23:13:25+02:00}{}% 5
\BOOKMARK [1][-]{section.1.1}{Context COMPILATION DATE: 2023-07-22 23:13:25+02:00}{chapter.1}% 6
\BOOKMARK [1][-]{section.1.2}{Contribution COMPILATION DATE: 2023-07-22 23:13:25+02:00}{chapter.1}% 7
\BOOKMARK [0][-]{chapter.2}{Body Biasing Injection platforms and good practices COMPILATION DATE: 2023-07-22 23:13:25+02:00}{}% 8
\BOOKMARK [1][-]{section.2.1}{Summary COMPILATION DATE: 2023-07-22 23:13:25+02:00}{chapter.2}% 9
\BOOKMARK [1][-]{section.2.2}{Introduction COMPILATION DATE: 2023-07-22 23:13:25+02:00}{chapter.2}% 10
\BOOKMARK [2][-]{subsection.2.2.1}{Platform equipment COMPILATION DATE: 2023-07-22 23:13:25+02:00}{section.2.2}% 11
\BOOKMARK [2][-]{subsection.2.2.2}{The hardware COMPILATION DATE: 2023-07-22 23:13:25+02:00}{section.2.2}% 12
\BOOKMARK [2][-]{subsection.2.2.3}{The software COMPILATION DATE: 2023-07-22 23:13:25+02:00}{section.2.2}% 13
\BOOKMARK [1][-]{section.2.3}{Body Biasing Injection enhanced practice COMPILATION DATE: 2023-07-22 23:13:25+02:00}{chapter.2}% 14
\BOOKMARK [2][-]{subsection.2.3.1}{BBI practice in the state of the art COMPILATION DATE: 2023-07-22 23:13:25+02:00}{section.2.3}% 15
\BOOKMARK [1][-]{section.2.4}{Giraud's differential fault attack COMPILATION DATE: 2023-07-22 23:13:25+02:00}{chapter.2}% 16
\BOOKMARK [0][-]{chapter.3}{Integrated circuits modeling COMPILATION DATE: 2023-07-22 23:13:25+02:00}{}% 17
\BOOKMARK [1][-]{section.3.1}{Summary COMPILATION DATE: 2023-07-22 23:13:25+02:00}{chapter.3}% 18
\BOOKMARK [1][-]{section.3.2}{Introduction COMPILATION DATE: 2023-07-22 23:13:25+02:00}{chapter.3}% 19
\BOOKMARK [1][-]{section.3.3}{Electrical models COMPILATION DATE: 2023-07-22 23:13:25+02:00}{chapter.3}% 20
\BOOKMARK [2][-]{subsection.3.3.1}{Standard-cell segment models COMPILATION DATE: 2023-07-22 23:13:25+02:00}{section.3.3}% 21
\BOOKMARK [1][-]{section.3.4}{Preliminary model validation COMPILATION DATE: 2023-07-22 23:13:25+02:00}{chapter.3}% 22
\BOOKMARK [1][-]{section.3.5}{Voltage pulse generator model and further validation COMPILATION DATE: 2023-07-22 23:13:25+02:00}{chapter.3}% 23
\BOOKMARK [2][-]{subsection.3.5.1}{Early generator models COMPILATION DATE: 2023-07-22 23:13:25+02:00}{section.3.5}% 24
\BOOKMARK [2][-]{subsection.3.5.2}{Further generator models and verification COMPILATION DATE: 2023-07-22 23:13:25+02:00}{section.3.5}% 25
\BOOKMARK [1][-]{section.3.6}{Experimental comparisons COMPILATION DATE: 2023-07-22 23:13:25+02:00}{chapter.3}% 26
\BOOKMARK [1][-]{section.3.7}{Conclusion COMPILATION DATE: 2023-07-22 23:13:25+02:00}{chapter.3}% 27
\BOOKMARK [0][-]{chapter.4}{Substrate thinning analysis COMPILATION DATE: 2023-07-22 23:13:25+02:00}{}% 28
\BOOKMARK [1][-]{section.4.1}{Summary COMPILATION DATE: 2023-07-22 23:13:25+02:00}{chapter.4}% 29
\BOOKMARK [1][-]{section.4.2}{Introduction COMPILATION DATE: 2023-07-22 23:13:25+02:00}{chapter.4}% 30
\BOOKMARK [1][-]{section.4.3}{Geometric and electrical modeling COMPILATION DATE: 2023-07-22 23:13:25+02:00}{chapter.4}% 31
\BOOKMARK [2][-]{subsection.4.3.1}{Geometric modeling COMPILATION DATE: 2023-07-22 23:13:25+02:00}{section.4.3}% 32
\BOOKMARK [2][-]{subsection.4.3.2}{Electrical approach COMPILATION DATE: 2023-07-22 23:13:25+02:00}{section.4.3}% 33
\BOOKMARK [1][-]{section.4.4}{Models validation COMPILATION DATE: 2023-07-22 23:13:25+02:00}{chapter.4}% 34
\BOOKMARK [2][-]{subsection.4.4.1}{IC substrate thinning quick look COMPILATION DATE: 2023-07-22 23:13:25+02:00}{section.4.4}% 35
\BOOKMARK [2][-]{subsection.4.4.2}{Experiments with thinned circuits COMPILATION DATE: 2023-07-22 23:13:25+02:00}{section.4.4}% 36
\BOOKMARK [1][-]{section.4.5}{Conclusion COMPILATION DATE: 2023-07-22 23:13:25+02:00}{chapter.4}% 37
\BOOKMARK [0][-]{chapter.5}{Fault model}{}% 38
\BOOKMARK [1][-]{section.5.1}{Summary}{chapter.5}% 39
\BOOKMARK [1][-]{section.5.2}{Introduction}{chapter.5}% 40
\BOOKMARK [1][-]{section.5.3}{Charge extortion}{chapter.5}% 41
\BOOKMARK [2][-]{subsection.5.3.1}{Logic considerations}{section.5.3}% 42
\BOOKMARK [2][-]{subsection.5.3.2}{Charge extortion}{section.5.3}% 43
\BOOKMARK [0][-]{chapter.6}{Conclusion}{}% 44
\BOOKMARK [0][-]{section*.32}{Bibliography}{}% 45
